  [4;36;1mSQL (0.2ms)[0m   [0;1mSET SQL_AUTO_IS_NULL=0[0m
  [4;35;1mSQL (4.4ms)[0m   [0mSHOW TABLES[0m
  [4;36;1mSQL (91.5ms)[0m   [0;1mCREATE TABLE `schema_migrations` (`version` varchar(255) NOT NULL) ENGINE=InnoDB[0m
  [4;35;1mSQL (166.2ms)[0m   [0mCREATE UNIQUE INDEX `unique_schema_migrations` ON `schema_migrations` (`version`)[0m
  [4;36;1mSQL (0.3ms)[0m   [0;1mSHOW TABLES[0m
  [4;35;1mSQL (0.2ms)[0m   [0mSELECT version FROM schema_migrations[0m
Migrating to CreateUsers (20091211220432)
  [4;36;1mSQL (0.3ms)[0m   [0;1mSHOW TABLES[0m
  [4;35;1mSQL (84.7ms)[0m   [0mCREATE TABLE `users` (`id` int(11) DEFAULT NULL auto_increment PRIMARY KEY, `login` varchar(40), `name` varchar(100) DEFAULT '', `email` varchar(100), `crypted_password` varchar(40), `salt` varchar(40), `created_at` datetime, `updated_at` datetime, `remember_token` varchar(40), `remember_token_expires_at` datetime, `activation_code` varchar(40), `activated_at` datetime, `state` varchar(255) DEFAULT 'passive', `deleted_at` datetime) ENGINE=InnoDB[0m
  [4;36;1mSQL (118.8ms)[0m   [0;1mCREATE UNIQUE INDEX `index_users_on_login` ON `users` (`login`)[0m
  [4;35;1mSQL (0.5ms)[0m   [0mINSERT INTO schema_migrations (version) VALUES ('20091211220432')[0m
  [4;36;1mSQL (0.4ms)[0m   [0;1mSHOW TABLES[0m
  [4;35;1mSQL (0.1ms)[0m   [0mSELECT version FROM schema_migrations[0m
  [4;36;1mSQL (0.2ms)[0m   [0;1mSHOW TABLES[0m
  [4;35;1mSQL (11.9ms)[0m   [0mSHOW FIELDS FROM `users`[0m
  [4;36;1mSQL (2.7ms)[0m   [0;1mdescribe `users`[0m
  [4;35;1mSQL (0.7ms)[0m   [0mSHOW KEYS FROM `users`[0m
  [4;36;1mSQL (0.1ms)[0m   [0;1mSET SQL_AUTO_IS_NULL=0[0m
  [4;35;1mSQL (0.3ms)[0m   [0mSHOW TABLES[0m
  [4;36;1mSQL (0.2ms)[0m   [0;1mSELECT version FROM schema_migrations[0m
Migrating to CreateUsers (20091211220432)
  [4;35;1mSQL (0.2ms)[0m   [0mSHOW TABLES[0m
  [4;36;1mSQL (0.1ms)[0m   [0;1mSELECT version FROM schema_migrations[0m
  [4;35;1mSQL (0.2ms)[0m   [0mSHOW TABLES[0m
  [4;36;1mSQL (1.2ms)[0m   [0;1mSHOW FIELDS FROM `users`[0m
  [4;35;1mSQL (2.9ms)[0m   [0mdescribe `users`[0m
  [4;36;1mSQL (1.0ms)[0m   [0;1mSHOW KEYS FROM `users`[0m
  [4;35;1mUser Columns (1.3ms)[0m   [0mSHOW FIELDS FROM `users`[0m
  [4;36;1mSQL (0.1ms)[0m   [0;1mSET SQL_AUTO_IS_NULL=0[0m
  [4;35;1mSQL (0.4ms)[0m   [0mSHOW TABLES[0m
  [4;36;1mSQL (0.2ms)[0m   [0;1mSELECT version FROM schema_migrations[0m
  [4;36;1mSQL (0.1ms)[0m   [0;1mSET SQL_AUTO_IS_NULL=0[0m
  [4;35;1mSQL (0.3ms)[0m   [0mSHOW TABLES[0m
  [4;36;1mSQL (0.1ms)[0m   [0;1mSELECT version FROM schema_migrations[0m
Migrating to CreateUsers (20091211220432)
  [4;35;1mSQL (0.3ms)[0m   [0mSHOW TABLES[0m
  [4;36;1mSQL (0.1ms)[0m   [0;1mSELECT version FROM schema_migrations[0m
  [4;35;1mSQL (0.2ms)[0m   [0mSHOW TABLES[0m
  [4;36;1mSQL (1.8ms)[0m   [0;1mSHOW FIELDS FROM `users`[0m
  [4;35;1mSQL (2.8ms)[0m   [0mdescribe `users`[0m
  [4;36;1mSQL (1.2ms)[0m   [0;1mSHOW KEYS FROM `users`[0m
  [4;35;1mUser Columns (1.3ms)[0m   [0mSHOW FIELDS FROM `users`[0m
  [4;36;1mSQL (0.1ms)[0m   [0;1mSET SQL_AUTO_IS_NULL=0[0m
  [4;35;1mSQL (0.3ms)[0m   [0mSHOW TABLES[0m
  [4;36;1mSQL (0.1ms)[0m   [0;1mSELECT version FROM schema_migrations[0m
  [4;36;1mSQL (0.1ms)[0m   [0;1mSET SQL_AUTO_IS_NULL=0[0m
  [4;35;1mSQL (0.3ms)[0m   [0mSHOW TABLES[0m
  [4;36;1mSQL (0.1ms)[0m   [0;1mSELECT version FROM schema_migrations[0m
  [4;35;1mSQL (0.1ms)[0m   [0mSET SQL_AUTO_IS_NULL=0[0m
  [4;36;1mSQL (27.2ms)[0m   [0;1mDROP DATABASE IF EXISTS `manage_test`[0m
  [4;35;1mSQL (0.4ms)[0m   [0mCREATE DATABASE `manage_test` DEFAULT CHARACTER SET `utf8`[0m
  [4;36;1mSQL (0.1ms)[0m   [0;1mSET SQL_AUTO_IS_NULL=0[0m
  [4;35;1mSQL (0.2ms)[0m   [0mSHOW TABLES[0m
  [4;36;1mSQL (98.2ms)[0m   [0;1mCREATE TABLE `users` (`id` int(11) DEFAULT NULL auto_increment PRIMARY KEY, `login` varchar(40), `name` varchar(100) DEFAULT '', `email` varchar(100), `crypted_password` varchar(40), `salt` varchar(40), `created_at` datetime, `updated_at` datetime, `remember_token` varchar(40), `remember_token_expires_at` datetime, `activation_code` varchar(40), `activated_at` datetime, `state` varchar(255) DEFAULT 'passive', `deleted_at` datetime) ENGINE=InnoDB[0m
  [4;35;1mSQL (173.2ms)[0m   [0mCREATE UNIQUE INDEX `index_users_on_login` ON `users` (`login`)[0m
  [4;36;1mSQL (0.3ms)[0m   [0;1mSHOW TABLES[0m
  [4;35;1mSQL (103.5ms)[0m   [0mCREATE TABLE `schema_migrations` (`version` varchar(255) NOT NULL) ENGINE=InnoDB[0m
  [4;36;1mSQL (94.9ms)[0m   [0;1mCREATE UNIQUE INDEX `unique_schema_migrations` ON `schema_migrations` (`version`)[0m
  [4;35;1mSQL (0.3ms)[0m   [0mSHOW TABLES[0m
  [4;36;1mSQL (0.2ms)[0m   [0;1mSELECT version FROM `schema_migrations`[0m
  [4;35;1mSQL (0.6ms)[0m   [0mINSERT INTO `schema_migrations` (version) VALUES ('20091211220432')[0m
  [4;36;1mSQL (0.1ms)[0m   [0;1mSET SQL_AUTO_IS_NULL=0[0m
  [4;35;1mSQL (0.3ms)[0m   [0mSHOW TABLES[0m
  [4;36;1mSQL (77.4ms)[0m   [0;1mCREATE TABLE `schema_migrations` (`version` varchar(255) NOT NULL) ENGINE=InnoDB[0m
  [4;35;1mSQL (117.3ms)[0m   [0mCREATE UNIQUE INDEX `unique_schema_migrations` ON `schema_migrations` (`version`)[0m
  [4;36;1mSQL (0.3ms)[0m   [0;1mSHOW TABLES[0m
  [4;35;1mSQL (0.2ms)[0m   [0mSELECT version FROM schema_migrations[0m
Migrating to CreateUsers (20091211220432)
  [4;36;1mSQL (0.2ms)[0m   [0;1mSHOW TABLES[0m
  [4;35;1mSQL (101.9ms)[0m   [0mCREATE TABLE `users` (`id` int(11) DEFAULT NULL auto_increment PRIMARY KEY, `login` varchar(40), `name` varchar(100) DEFAULT '', `email` varchar(100), `crypted_password` varchar(40), `salt` varchar(40), `created_at` datetime, `updated_at` datetime, `remember_token` varchar(40), `remember_token_expires_at` datetime, `activation_code` varchar(40), `activated_at` datetime, `state` varchar(255) DEFAULT 'passive', `deleted_at` datetime) ENGINE=InnoDB[0m
  [4;36;1mSQL (119.6ms)[0m   [0;1mCREATE UNIQUE INDEX `index_users_on_login` ON `users` (`login`)[0m
  [4;35;1mSQL (0.6ms)[0m   [0mINSERT INTO schema_migrations (version) VALUES ('20091211220432')[0m
  [4;36;1mSQL (0.3ms)[0m   [0;1mSHOW TABLES[0m
  [4;35;1mSQL (0.1ms)[0m   [0mSELECT version FROM schema_migrations[0m
  [4;36;1mSQL (0.2ms)[0m   [0;1mSHOW TABLES[0m
  [4;35;1mSQL (2.0ms)[0m   [0mSHOW FIELDS FROM `users`[0m
  [4;36;1mSQL (2.6ms)[0m   [0;1mdescribe `users`[0m
  [4;35;1mSQL (1.5ms)[0m   [0mSHOW KEYS FROM `users`[0m
  [4;36;1mUser Columns (1.3ms)[0m   [0;1mSHOW FIELDS FROM `users`[0m
  [4;35;1mSQL (0.1ms)[0m   [0mSET SQL_AUTO_IS_NULL=0[0m
  [4;36;1mSQL (0.3ms)[0m   [0;1mSHOW TABLES[0m
  [4;35;1mSQL (0.2ms)[0m   [0mSELECT version FROM schema_migrations[0m
  [4;36;1mSQL (0.1ms)[0m   [0;1mSET SQL_AUTO_IS_NULL=0[0m
  [4;35;1mSQL (0.3ms)[0m   [0mSHOW TABLES[0m
  [4;36;1mSQL (0.1ms)[0m   [0;1mSELECT version FROM schema_migrations[0m
  [4;35;1mSQL (0.1ms)[0m   [0mSET SQL_AUTO_IS_NULL=0[0m
  [4;36;1mSQL (2.7ms)[0m   [0;1mDROP DATABASE IF EXISTS `manage_test`[0m
  [4;35;1mSQL (0.2ms)[0m   [0mCREATE DATABASE `manage_test` DEFAULT CHARACTER SET `utf8`[0m
  [4;36;1mSQL (0.1ms)[0m   [0;1mSET SQL_AUTO_IS_NULL=0[0m
  [4;35;1mSQL (0.2ms)[0m   [0mSHOW TABLES[0m
  [4;36;1mSQL (56.1ms)[0m   [0;1mCREATE TABLE `users` (`id` int(11) DEFAULT NULL auto_increment PRIMARY KEY, `login` varchar(40), `name` varchar(100) DEFAULT '', `email` varchar(100), `crypted_password` varchar(40), `salt` varchar(40), `created_at` datetime, `updated_at` datetime, `remember_token` varchar(40), `remember_token_expires_at` datetime, `activation_code` varchar(40), `activated_at` datetime, `state` varchar(255) DEFAULT 'passive', `deleted_at` datetime) ENGINE=InnoDB[0m
  [4;35;1mSQL (149.8ms)[0m   [0mCREATE UNIQUE INDEX `index_users_on_login` ON `users` (`login`)[0m
  [4;36;1mSQL (0.3ms)[0m   [0;1mSHOW TABLES[0m
  [4;35;1mSQL (80.9ms)[0m   [0mCREATE TABLE `schema_migrations` (`version` varchar(255) NOT NULL) ENGINE=InnoDB[0m
  [4;36;1mSQL (86.3ms)[0m   [0;1mCREATE UNIQUE INDEX `unique_schema_migrations` ON `schema_migrations` (`version`)[0m
  [4;35;1mSQL (0.3ms)[0m   [0mSHOW TABLES[0m
  [4;36;1mSQL (0.2ms)[0m   [0;1mSELECT version FROM `schema_migrations`[0m
  [4;35;1mSQL (0.5ms)[0m   [0mINSERT INTO `schema_migrations` (version) VALUES ('20091211220432')[0m
  [4;36;1mSQL (0.1ms)[0m   [0;1mSET SQL_AUTO_IS_NULL=0[0m
  [4;35;1mSQL (0.3ms)[0m   [0mSHOW TABLES[0m
  [4;36;1mSQL (154.7ms)[0m   [0;1mCREATE TABLE `schema_migrations` (`version` varchar(255) NOT NULL) ENGINE=InnoDB[0m
  [4;35;1mSQL (161.8ms)[0m   [0mCREATE UNIQUE INDEX `unique_schema_migrations` ON `schema_migrations` (`version`)[0m
  [4;36;1mSQL (0.3ms)[0m   [0;1mSHOW TABLES[0m
  [4;35;1mSQL (0.2ms)[0m   [0mSELECT version FROM schema_migrations[0m
Migrating to CreateUsers (20091211220432)
  [4;36;1mSQL (0.4ms)[0m   [0;1mSHOW TABLES[0m
  [4;35;1mSQL (85.7ms)[0m   [0mCREATE TABLE `users` (`id` int(11) DEFAULT NULL auto_increment PRIMARY KEY, `login` varchar(40), `name` varchar(100) DEFAULT '', `email` varchar(100), `crypted_password` varchar(40), `salt` varchar(40), `created_at` datetime, `updated_at` datetime, `remember_token` varchar(40), `remember_token_expires_at` datetime, `activation_code` varchar(40), `activated_at` datetime, `state` varchar(255) DEFAULT 'passive', `deleted_at` datetime) ENGINE=InnoDB[0m
  [4;36;1mSQL (102.4ms)[0m   [0;1mCREATE UNIQUE INDEX `index_users_on_login` ON `users` (`login`)[0m
  [4;35;1mSQL (0.8ms)[0m   [0mINSERT INTO schema_migrations (version) VALUES ('20091211220432')[0m
Migrating to CreateFriends (20091211224516)
  [4;36;1mSQL (0.3ms)[0m   [0;1mSHOW TABLES[0m
  [4;35;1mSQL (86.1ms)[0m   [0mCREATE TABLE `friends` (`id` int(11) DEFAULT NULL auto_increment PRIMARY KEY, `owner_id` int(11)) ENGINE=InnoDB[0m
  [4;36;1mSQL (0.3ms)[0m   [0;1mSHOW TABLES[0m
  [4;35;1mSQL (107.3ms)[0m   [0mCREATE TABLE `users_friends` (`user_id` int(11), `friend_id` int(11), `money_in` float, `money_out` float, `total` float, `befriended_on` date) ENGINE=InnoDB[0m
  [4;36;1mSQL (0.5ms)[0m   [0;1mINSERT INTO schema_migrations (version) VALUES ('20091211224516')[0m
Migrating to CreateAccounts (20091211224532)
  [4;35;1mSQL (0.3ms)[0m   [0mSHOW TABLES[0m
  [4;36;1mSQL (89.3ms)[0m   [0;1mCREATE TABLE `accounts` (`id` int(11) DEFAULT NULL auto_increment PRIMARY KEY, `name` varchar(255), `user_id` int(11)) ENGINE=InnoDB[0m
  [4;35;1mSQL (0.7ms)[0m   [0mINSERT INTO schema_migrations (version) VALUES ('20091211224532')[0m
Migrating to CreateEvents (20091211224543)
  [4;36;1mSQL (0.4ms)[0m   [0;1mSHOW TABLES[0m
  [4;35;1mSQL (105.1ms)[0m   [0mCREATE TABLE `events` (`id` int(11) DEFAULT NULL auto_increment PRIMARY KEY, `description` varchar(255), `account_id` int(11), `occured_on` date, `actor_name` varchar(255), `amount` float) ENGINE=InnoDB[0m
  [4;36;1mSQL (0.7ms)[0m   [0;1mINSERT INTO schema_migrations (version) VALUES ('20091211224543')[0m
Migrating to CreateLineItems (20091211224549)
  [4;35;1mSQL (0.4ms)[0m   [0mSHOW TABLES[0m
  [4;36;1mSQL (98.8ms)[0m   [0;1mCREATE TABLE `line_items` (`id` int(11) DEFAULT NULL auto_increment PRIMARY KEY, `event_id` int(11), `friend_id` int(11), `amount` float, `paid_on` date, `confirmed_payment` tinyint(1)) ENGINE=InnoDB[0m
  [4;35;1mSQL (0.6ms)[0m   [0mINSERT INTO schema_migrations (version) VALUES ('20091211224549')[0m
Migrating to CreateActors (20091211225425)
  [4;36;1mSQL (0.1ms)[0m   [0;1mSET SQL_AUTO_IS_NULL=0[0m
  [4;35;1mSQL (0.4ms)[0m   [0mSHOW TABLES[0m
  [4;36;1mSQL (0.2ms)[0m   [0;1mSELECT version FROM schema_migrations[0m
  [4;36;1mSQL (0.2ms)[0m   [0;1mSET SQL_AUTO_IS_NULL=0[0m
  [4;35;1mSQL (0.2ms)[0m   [0mSHOW TABLES[0m
  [4;36;1mSQL (43.8ms)[0m   [0;1mCREATE TABLE `schema_migrations` (`version` varchar(255) NOT NULL) ENGINE=InnoDB[0m
  [4;35;1mSQL (142.5ms)[0m   [0mCREATE UNIQUE INDEX `unique_schema_migrations` ON `schema_migrations` (`version`)[0m
  [4;36;1mSQL (0.3ms)[0m   [0;1mSHOW TABLES[0m
  [4;35;1mSQL (0.2ms)[0m   [0mSELECT version FROM schema_migrations[0m
Migrating to CreateUsers (20091211220432)
  [4;36;1mSQL (0.2ms)[0m   [0;1mSHOW TABLES[0m
  [4;35;1mSQL (94.1ms)[0m   [0mCREATE TABLE `users` (`id` int(11) DEFAULT NULL auto_increment PRIMARY KEY, `login` varchar(40), `name` varchar(100) DEFAULT '', `email` varchar(100), `crypted_password` varchar(40), `salt` varchar(40), `created_at` datetime, `updated_at` datetime, `remember_token` varchar(40), `remember_token_expires_at` datetime, `activation_code` varchar(40), `activated_at` datetime, `state` varchar(255) DEFAULT 'passive', `deleted_at` datetime) ENGINE=InnoDB[0m
  [4;36;1mSQL (110.4ms)[0m   [0;1mCREATE UNIQUE INDEX `index_users_on_login` ON `users` (`login`)[0m
  [4;35;1mSQL (0.5ms)[0m   [0mINSERT INTO schema_migrations (version) VALUES ('20091211220432')[0m
Migrating to CreateFriends (20091211224516)
  [4;36;1mSQL (0.3ms)[0m   [0;1mSHOW TABLES[0m
  [4;35;1mSQL (94.8ms)[0m   [0mCREATE TABLE `friends` (`id` int(11) DEFAULT NULL auto_increment PRIMARY KEY, `owner_id` int(11)) ENGINE=InnoDB[0m
  [4;36;1mSQL (0.3ms)[0m   [0;1mSHOW TABLES[0m
  [4;35;1mSQL (101.2ms)[0m   [0mCREATE TABLE `users_friends` (`user_id` int(11), `friend_id` int(11), `money_in` float, `money_out` float, `total` float, `befriended_on` date) ENGINE=InnoDB[0m
  [4;36;1mSQL (0.5ms)[0m   [0;1mINSERT INTO schema_migrations (version) VALUES ('20091211224516')[0m
Migrating to CreateAccounts (20091211224532)
  [4;35;1mSQL (0.3ms)[0m   [0mSHOW TABLES[0m
  [4;36;1mSQL (96.9ms)[0m   [0;1mCREATE TABLE `accounts` (`id` int(11) DEFAULT NULL auto_increment PRIMARY KEY, `name` varchar(255), `user_id` int(11)) ENGINE=InnoDB[0m
  [4;35;1mSQL (0.6ms)[0m   [0mINSERT INTO schema_migrations (version) VALUES ('20091211224532')[0m
Migrating to CreateEvents (20091211224543)
  [4;36;1mSQL (0.3ms)[0m   [0;1mSHOW TABLES[0m
  [4;35;1mSQL (97.3ms)[0m   [0mCREATE TABLE `events` (`id` int(11) DEFAULT NULL auto_increment PRIMARY KEY, `description` varchar(255), `account_id` int(11), `occured_on` date, `actor_name` varchar(255), `amount` float) ENGINE=InnoDB[0m
  [4;36;1mSQL (0.8ms)[0m   [0;1mINSERT INTO schema_migrations (version) VALUES ('20091211224543')[0m
Migrating to CreateLineItems (20091211224549)
  [4;35;1mSQL (0.4ms)[0m   [0mSHOW TABLES[0m
  [4;36;1mSQL (97.3ms)[0m   [0;1mCREATE TABLE `line_items` (`id` int(11) DEFAULT NULL auto_increment PRIMARY KEY, `event_id` int(11), `friend_id` int(11), `amount` float, `paid_on` date, `confirmed_payment` tinyint(1)) ENGINE=InnoDB[0m
  [4;35;1mSQL (0.6ms)[0m   [0mINSERT INTO schema_migrations (version) VALUES ('20091211224549')[0m
Migrating to CreateActors (20091211225425)
  [4;36;1mSQL (0.4ms)[0m   [0;1mSHOW TABLES[0m
  [4;35;1mSQL (104.6ms)[0m   [0mCREATE TABLE `actors` (`id` int(11) DEFAULT NULL auto_increment PRIMARY KEY, `user_id` int(11), `name` varchar(255)) ENGINE=InnoDB[0m
  [4;36;1mSQL (0.6ms)[0m   [0;1mINSERT INTO schema_migrations (version) VALUES ('20091211225425')[0m
  [4;35;1mSQL (0.4ms)[0m   [0mSHOW TABLES[0m
  [4;36;1mSQL (0.2ms)[0m   [0;1mSELECT version FROM schema_migrations[0m
  [4;35;1mSQL (0.3ms)[0m   [0mSHOW TABLES[0m
  [4;36;1mSQL (1.2ms)[0m   [0;1mSHOW FIELDS FROM `accounts`[0m
  [4;35;1mSQL (1.4ms)[0m   [0mdescribe `accounts`[0m
  [4;36;1mSQL (0.6ms)[0m   [0;1mSHOW KEYS FROM `accounts`[0m
  [4;35;1mSQL (1.0ms)[0m   [0mSHOW FIELDS FROM `actors`[0m
  [4;36;1mSQL (1.2ms)[0m   [0;1mdescribe `actors`[0m
  [4;35;1mSQL (0.6ms)[0m   [0mSHOW KEYS FROM `actors`[0m
  [4;36;1mSQL (1.3ms)[0m   [0;1mSHOW FIELDS FROM `events`[0m
  [4;35;1mSQL (1.8ms)[0m   [0mdescribe `events`[0m
  [4;36;1mSQL (0.6ms)[0m   [0;1mSHOW KEYS FROM `events`[0m
  [4;35;1mSQL (1.0ms)[0m   [0mSHOW FIELDS FROM `friends`[0m
  [4;36;1mSQL (1.7ms)[0m   [0;1mdescribe `friends`[0m
  [4;35;1mSQL (1.2ms)[0m   [0mSHOW KEYS FROM `friends`[0m
  [4;36;1mSQL (0.9ms)[0m   [0;1mSHOW FIELDS FROM `line_items`[0m
  [4;35;1mSQL (1.5ms)[0m   [0mdescribe `line_items`[0m
  [4;36;1mSQL (1.0ms)[0m   [0;1mSHOW KEYS FROM `line_items`[0m
  [4;35;1mSQL (1.2ms)[0m   [0mSHOW FIELDS FROM `users`[0m
  [4;36;1mSQL (1.6ms)[0m   [0;1mdescribe `users`[0m
  [4;35;1mSQL (0.6ms)[0m   [0mSHOW KEYS FROM `users`[0m
  [4;36;1mSQL (1.0ms)[0m   [0;1mSHOW FIELDS FROM `users_friends`[0m
  [4;35;1mSQL (2.0ms)[0m   [0mdescribe `users_friends`[0m
  [4;36;1mSQL (1.1ms)[0m   [0;1mSHOW KEYS FROM `users_friends`[0m
  [4;35;1mUser Columns (1.4ms)[0m   [0mSHOW FIELDS FROM `users`[0m
  [4;36;1mSQL (0.1ms)[0m   [0;1mSET SQL_AUTO_IS_NULL=0[0m
  [4;35;1mSQL (0.4ms)[0m   [0mSHOW TABLES[0m
  [4;36;1mSQL (0.2ms)[0m   [0;1mSELECT version FROM schema_migrations[0m
  [4;36;1mSQL (0.1ms)[0m   [0;1mSET SQL_AUTO_IS_NULL=0[0m
  [4;35;1mSQL (0.4ms)[0m   [0mSHOW TABLES[0m
  [4;36;1mSQL (0.1ms)[0m   [0;1mSELECT version FROM schema_migrations[0m
  [4;35;1mSQL (0.1ms)[0m   [0mSET SQL_AUTO_IS_NULL=0[0m
  [4;36;1mSQL (43.6ms)[0m   [0;1mDROP DATABASE IF EXISTS `manage_test`[0m
  [4;35;1mSQL (0.2ms)[0m   [0mCREATE DATABASE `manage_test` DEFAULT CHARACTER SET `utf8`[0m
  [4;36;1mSQL (0.1ms)[0m   [0;1mSET SQL_AUTO_IS_NULL=0[0m
  [4;35;1mSQL (0.2ms)[0m   [0mSHOW TABLES[0m
  [4;36;1mSQL (72.4ms)[0m   [0;1mCREATE TABLE `accounts` (`id` int(11) DEFAULT NULL auto_increment PRIMARY KEY, `name` varchar(255), `user_id` int(11)) ENGINE=InnoDB[0m
  [4;35;1mSQL (0.3ms)[0m   [0mSHOW TABLES[0m
  [4;36;1mSQL (164.0ms)[0m   [0;1mCREATE TABLE `actors` (`id` int(11) DEFAULT NULL auto_increment PRIMARY KEY, `user_id` int(11), `name` varchar(255)) ENGINE=InnoDB[0m
  [4;35;1mSQL (0.3ms)[0m   [0mSHOW TABLES[0m
  [4;36;1mSQL (100.6ms)[0m   [0;1mCREATE TABLE `events` (`id` int(11) DEFAULT NULL auto_increment PRIMARY KEY, `description` varchar(255), `account_id` int(11), `occured_on` date, `actor_name` varchar(255), `amount` float) ENGINE=InnoDB[0m
  [4;35;1mSQL (0.3ms)[0m   [0mSHOW TABLES[0m
  [4;36;1mSQL (100.8ms)[0m   [0;1mCREATE TABLE `friends` (`id` int(11) DEFAULT NULL auto_increment PRIMARY KEY, `owner_id` int(11)) ENGINE=InnoDB[0m
  [4;35;1mSQL (0.4ms)[0m   [0mSHOW TABLES[0m
  [4;36;1mSQL (106.9ms)[0m   [0;1mCREATE TABLE `line_items` (`id` int(11) DEFAULT NULL auto_increment PRIMARY KEY, `event_id` int(11), `friend_id` int(11), `amount` float, `paid_on` date, `confirmed_payment` tinyint(1)) ENGINE=InnoDB[0m
  [4;35;1mSQL (0.4ms)[0m   [0mSHOW TABLES[0m
  [4;36;1mSQL (115.8ms)[0m   [0;1mCREATE TABLE `users` (`id` int(11) DEFAULT NULL auto_increment PRIMARY KEY, `login` varchar(40), `name` varchar(100) DEFAULT '', `email` varchar(100), `crypted_password` varchar(40), `salt` varchar(40), `created_at` datetime, `updated_at` datetime, `remember_token` varchar(40), `remember_token_expires_at` datetime, `activation_code` varchar(40), `activated_at` datetime, `state` varchar(255) DEFAULT 'passive', `deleted_at` datetime) ENGINE=InnoDB[0m
  [4;35;1mSQL (102.8ms)[0m   [0mCREATE UNIQUE INDEX `index_users_on_login` ON `users` (`login`)[0m
  [4;36;1mSQL (0.3ms)[0m   [0;1mSHOW TABLES[0m
  [4;35;1mSQL (89.5ms)[0m   [0mCREATE TABLE `users_friends` (`user_id` int(11), `friend_id` int(11), `money_in` float, `money_out` float, `total` float, `befriended_on` date) ENGINE=InnoDB[0m
  [4;36;1mSQL (0.4ms)[0m   [0;1mSHOW TABLES[0m
  [4;35;1mSQL (99.2ms)[0m   [0mCREATE TABLE `schema_migrations` (`version` varchar(255) NOT NULL) ENGINE=InnoDB[0m
  [4;36;1mSQL (103.0ms)[0m   [0;1mCREATE UNIQUE INDEX `unique_schema_migrations` ON `schema_migrations` (`version`)[0m
  [4;35;1mSQL (0.4ms)[0m   [0mSHOW TABLES[0m
  [4;36;1mSQL (0.2ms)[0m   [0;1mSELECT version FROM `schema_migrations`[0m
  [4;35;1mSQL (0.5ms)[0m   [0mINSERT INTO `schema_migrations` (version) VALUES ('20091211225425')[0m
  [4;36;1mSQL (0.5ms)[0m   [0;1mINSERT INTO `schema_migrations` (version) VALUES ('20091211220432')[0m
  [4;35;1mSQL (0.5ms)[0m   [0mINSERT INTO `schema_migrations` (version) VALUES ('20091211224516')[0m
  [4;36;1mSQL (0.5ms)[0m   [0;1mINSERT INTO `schema_migrations` (version) VALUES ('20091211224532')[0m
  [4;35;1mSQL (0.5ms)[0m   [0mINSERT INTO `schema_migrations` (version) VALUES ('20091211224543')[0m
  [4;36;1mSQL (0.6ms)[0m   [0;1mINSERT INTO `schema_migrations` (version) VALUES ('20091211224549')[0m
  [4;36;1mSQL (0.2ms)[0m   [0;1mSET SQL_AUTO_IS_NULL=0[0m
  [4;35;1mSQL (0.4ms)[0m   [0mSHOW TABLES[0m
  [4;36;1mSQL (97.3ms)[0m   [0;1mCREATE TABLE `schema_migrations` (`version` varchar(255) NOT NULL) ENGINE=InnoDB[0m
  [4;35;1mSQL (201.8ms)[0m   [0mCREATE UNIQUE INDEX `unique_schema_migrations` ON `schema_migrations` (`version`)[0m
  [4;36;1mSQL (0.3ms)[0m   [0;1mSHOW TABLES[0m
  [4;35;1mSQL (0.2ms)[0m   [0mSELECT version FROM schema_migrations[0m
Migrating to CreateUsers (20091211220432)
  [4;36;1mSQL (0.3ms)[0m   [0;1mSHOW TABLES[0m
  [4;35;1mSQL (162.9ms)[0m   [0mCREATE TABLE `users` (`id` int(11) DEFAULT NULL auto_increment PRIMARY KEY, `login` varchar(40), `name` varchar(100) DEFAULT '', `email` varchar(100), `crypted_password` varchar(40), `salt` varchar(40), `created_at` datetime, `updated_at` datetime, `remember_token` varchar(40), `remember_token_expires_at` datetime, `activation_code` varchar(40), `activated_at` datetime, `state` varchar(255) DEFAULT 'passive', `deleted_at` datetime) ENGINE=InnoDB[0m
  [4;36;1mSQL (155.3ms)[0m   [0;1mCREATE UNIQUE INDEX `index_users_on_login` ON `users` (`login`)[0m
  [4;35;1mSQL (0.5ms)[0m   [0mINSERT INTO schema_migrations (version) VALUES ('20091211220432')[0m
Migrating to CreateFriends (20091211224516)
  [4;36;1mSQL (0.3ms)[0m   [0;1mSHOW TABLES[0m
  [4;35;1mSQL (138.3ms)[0m   [0mCREATE TABLE `friends` (`id` int(11) DEFAULT NULL auto_increment PRIMARY KEY, `owner_id` int(11)) ENGINE=InnoDB[0m
  [4;36;1mSQL (0.3ms)[0m   [0;1mSHOW TABLES[0m
  [4;35;1mSQL (140.2ms)[0m   [0mCREATE TABLE `users_friends` (`user_id` int(11), `friend_id` int(11), `money_in` float, `money_out` float, `total` float, `befriended_on` date) ENGINE=InnoDB[0m
  [4;36;1mSQL (0.5ms)[0m   [0;1mINSERT INTO schema_migrations (version) VALUES ('20091211224516')[0m
Migrating to CreateAccounts (20091211224532)
  [4;35;1mSQL (0.4ms)[0m   [0mSHOW TABLES[0m
  [4;36;1mSQL (124.4ms)[0m   [0;1mCREATE TABLE `accounts` (`id` int(11) DEFAULT NULL auto_increment PRIMARY KEY, `name` varchar(255), `user_id` int(11)) ENGINE=InnoDB[0m
  [4;35;1mSQL (0.5ms)[0m   [0mINSERT INTO schema_migrations (version) VALUES ('20091211224532')[0m
Migrating to CreateEvents (20091211224543)
  [4;36;1mSQL (0.3ms)[0m   [0;1mSHOW TABLES[0m
  [4;35;1mSQL (113.8ms)[0m   [0mCREATE TABLE `events` (`id` int(11) DEFAULT NULL auto_increment PRIMARY KEY, `description` varchar(255), `account_id` int(11), `occured_on` date, `actor_name` varchar(255), `amount` float) ENGINE=InnoDB[0m
  [4;36;1mSQL (0.6ms)[0m   [0;1mINSERT INTO schema_migrations (version) VALUES ('20091211224543')[0m
Migrating to CreateLineItems (20091211224549)
  [4;35;1mSQL (0.3ms)[0m   [0mSHOW TABLES[0m
  [4;36;1mSQL (111.1ms)[0m   [0;1mCREATE TABLE `line_items` (`id` int(11) DEFAULT NULL auto_increment PRIMARY KEY, `event_id` int(11), `friend_id` int(11), `amount` float, `paid_on` date, `confirmed_payment` tinyint(1)) ENGINE=InnoDB[0m
  [4;35;1mSQL (0.5ms)[0m   [0mINSERT INTO schema_migrations (version) VALUES ('20091211224549')[0m
Migrating to CreateActors (20091211225425)
  [4;36;1mSQL (0.4ms)[0m   [0;1mSHOW TABLES[0m
  [4;35;1mSQL (135.7ms)[0m   [0mCREATE TABLE `actors` (`id` int(11) DEFAULT NULL auto_increment PRIMARY KEY, `user_id` int(11), `name` varchar(255)) ENGINE=InnoDB[0m
  [4;36;1mSQL (0.5ms)[0m   [0;1mINSERT INTO schema_migrations (version) VALUES ('20091211225425')[0m
  [4;35;1mSQL (0.4ms)[0m   [0mSHOW TABLES[0m
  [4;36;1mSQL (0.1ms)[0m   [0;1mSELECT version FROM schema_migrations[0m
  [4;35;1mSQL (0.2ms)[0m   [0mSHOW TABLES[0m
  [4;36;1mSQL (1.0ms)[0m   [0;1mSHOW FIELDS FROM `accounts`[0m
  [4;35;1mSQL (1.2ms)[0m   [0mdescribe `accounts`[0m
  [4;36;1mSQL (0.6ms)[0m   [0;1mSHOW KEYS FROM `accounts`[0m
  [4;35;1mSQL (0.9ms)[0m   [0mSHOW FIELDS FROM `actors`[0m
  [4;36;1mSQL (1.2ms)[0m   [0;1mdescribe `actors`[0m
  [4;35;1mSQL (0.9ms)[0m   [0mSHOW KEYS FROM `actors`[0m
  [4;36;1mSQL (0.9ms)[0m   [0;1mSHOW FIELDS FROM `events`[0m
  [4;35;1mSQL (1.2ms)[0m   [0mdescribe `events`[0m
  [4;36;1mSQL (0.6ms)[0m   [0;1mSHOW KEYS FROM `events`[0m
  [4;35;1mSQL (1.0ms)[0m   [0mSHOW FIELDS FROM `friends`[0m
  [4;36;1mSQL (1.2ms)[0m   [0;1mdescribe `friends`[0m
  [4;35;1mSQL (0.8ms)[0m   [0mSHOW KEYS FROM `friends`[0m
  [4;36;1mSQL (1.0ms)[0m   [0;1mSHOW FIELDS FROM `line_items`[0m
  [4;35;1mSQL (1.8ms)[0m   [0mdescribe `line_items`[0m
  [4;36;1mSQL (0.6ms)[0m   [0;1mSHOW KEYS FROM `line_items`[0m
  [4;35;1mSQL (1.5ms)[0m   [0mSHOW FIELDS FROM `users`[0m
  [4;36;1mSQL (1.5ms)[0m   [0;1mdescribe `users`[0m
  [4;35;1mSQL (0.6ms)[0m   [0mSHOW KEYS FROM `users`[0m
  [4;36;1mSQL (0.9ms)[0m   [0;1mSHOW FIELDS FROM `users_friends`[0m
  [4;35;1mSQL (1.3ms)[0m   [0mdescribe `users_friends`[0m
  [4;36;1mSQL (0.6ms)[0m   [0;1mSHOW KEYS FROM `users_friends`[0m
  [4;35;1mUser Columns (1.3ms)[0m   [0mSHOW FIELDS FROM `users`[0m
  [4;36;1mSQL (0.1ms)[0m   [0;1mSET SQL_AUTO_IS_NULL=0[0m
  [4;35;1mSQL (0.4ms)[0m   [0mSHOW TABLES[0m
  [4;36;1mSQL (0.1ms)[0m   [0;1mSELECT version FROM schema_migrations[0m
  [4;36;1mSQL (0.1ms)[0m   [0;1mSET SQL_AUTO_IS_NULL=0[0m
  [4;35;1mSQL (0.4ms)[0m   [0mSHOW TABLES[0m
  [4;36;1mSQL (0.1ms)[0m   [0;1mSELECT version FROM schema_migrations[0m
  [4;35;1mSQL (0.1ms)[0m   [0mSET SQL_AUTO_IS_NULL=0[0m
  [4;36;1mSQL (113.5ms)[0m   [0;1mDROP DATABASE IF EXISTS `manage_test`[0m
  [4;35;1mSQL (0.2ms)[0m   [0mCREATE DATABASE `manage_test` DEFAULT CHARACTER SET `utf8`[0m
  [4;36;1mSQL (0.1ms)[0m   [0;1mSET SQL_AUTO_IS_NULL=0[0m
  [4;35;1mSQL (0.2ms)[0m   [0mSHOW TABLES[0m
  [4;36;1mSQL (113.0ms)[0m   [0;1mCREATE TABLE `accounts` (`id` int(11) DEFAULT NULL auto_increment PRIMARY KEY, `name` varchar(255), `user_id` int(11)) ENGINE=InnoDB[0m
  [4;35;1mSQL (0.2ms)[0m   [0mSHOW TABLES[0m
  [4;36;1mSQL (130.4ms)[0m   [0;1mCREATE TABLE `actors` (`id` int(11) DEFAULT NULL auto_increment PRIMARY KEY, `user_id` int(11), `name` varchar(255)) ENGINE=InnoDB[0m
  [4;35;1mSQL (0.2ms)[0m   [0mSHOW TABLES[0m
  [4;36;1mSQL (100.6ms)[0m   [0;1mCREATE TABLE `events` (`id` int(11) DEFAULT NULL auto_increment PRIMARY KEY, `description` varchar(255), `account_id` int(11), `occured_on` date, `actor_name` varchar(255), `amount` float) ENGINE=InnoDB[0m
  [4;35;1mSQL (0.2ms)[0m   [0mSHOW TABLES[0m
  [4;36;1mSQL (99.8ms)[0m   [0;1mCREATE TABLE `friends` (`id` int(11) DEFAULT NULL auto_increment PRIMARY KEY, `owner_id` int(11)) ENGINE=InnoDB[0m
  [4;35;1mSQL (0.3ms)[0m   [0mSHOW TABLES[0m
  [4;36;1mSQL (137.8ms)[0m   [0;1mCREATE TABLE `line_items` (`id` int(11) DEFAULT NULL auto_increment PRIMARY KEY, `event_id` int(11), `friend_id` int(11), `amount` float, `paid_on` date, `confirmed_payment` tinyint(1)) ENGINE=InnoDB[0m
  [4;35;1mSQL (0.4ms)[0m   [0mSHOW TABLES[0m
  [4;36;1mSQL (102.6ms)[0m   [0;1mCREATE TABLE `users` (`id` int(11) DEFAULT NULL auto_increment PRIMARY KEY, `login` varchar(40), `name` varchar(100) DEFAULT '', `email` varchar(100), `crypted_password` varchar(40), `salt` varchar(40), `created_at` datetime, `updated_at` datetime, `remember_token` varchar(40), `remember_token_expires_at` datetime, `activation_code` varchar(40), `activated_at` datetime, `state` varchar(255) DEFAULT 'passive', `deleted_at` datetime) ENGINE=InnoDB[0m
  [4;35;1mSQL (103.0ms)[0m   [0mCREATE UNIQUE INDEX `index_users_on_login` ON `users` (`login`)[0m
  [4;36;1mSQL (0.3ms)[0m   [0;1mSHOW TABLES[0m
  [4;35;1mSQL (105.8ms)[0m   [0mCREATE TABLE `users_friends` (`user_id` int(11), `friend_id` int(11), `money_in` float, `money_out` float, `total` float, `befriended_on` date) ENGINE=InnoDB[0m
  [4;36;1mSQL (0.3ms)[0m   [0;1mSHOW TABLES[0m
  [4;35;1mSQL (99.8ms)[0m   [0mCREATE TABLE `schema_migrations` (`version` varchar(255) NOT NULL) ENGINE=InnoDB[0m
  [4;36;1mSQL (102.8ms)[0m   [0;1mCREATE UNIQUE INDEX `unique_schema_migrations` ON `schema_migrations` (`version`)[0m
  [4;35;1mSQL (0.4ms)[0m   [0mSHOW TABLES[0m
  [4;36;1mSQL (0.2ms)[0m   [0;1mSELECT version FROM `schema_migrations`[0m
  [4;35;1mSQL (0.5ms)[0m   [0mINSERT INTO `schema_migrations` (version) VALUES ('20091211225425')[0m
  [4;36;1mSQL (0.4ms)[0m   [0;1mINSERT INTO `schema_migrations` (version) VALUES ('20091211220432')[0m
  [4;35;1mSQL (0.9ms)[0m   [0mINSERT INTO `schema_migrations` (version) VALUES ('20091211224516')[0m
  [4;36;1mSQL (0.4ms)[0m   [0;1mINSERT INTO `schema_migrations` (version) VALUES ('20091211224532')[0m
  [4;35;1mSQL (0.4ms)[0m   [0mINSERT INTO `schema_migrations` (version) VALUES ('20091211224543')[0m
  [4;36;1mSQL (0.4ms)[0m   [0;1mINSERT INTO `schema_migrations` (version) VALUES ('20091211224549')[0m
